[debug] [2025-07-06T14:30:47.722Z] ----------------------------------------------------------------------
[debug] [2025-07-06T14:30:47.727Z] Command:       C:\Program Files\nodejs\node.exe C:\Users\Htoo Myat Eain\AppData\Roaming\npm\node_modules\firebase-tools\lib\bin\firebase.js init
[debug] [2025-07-06T14:30:47.727Z] CLI Version:   14.9.0
[debug] [2025-07-06T14:30:47.728Z] Platform:      win32
[debug] [2025-07-06T14:30:47.728Z] Node Version:  v23.9.0
[debug] [2025-07-06T14:30:47.728Z] Time:          Sun Jul 06 2025 21:00:47 GMT+0630 (Myanmar Time)
[debug] [2025-07-06T14:30:47.728Z] ----------------------------------------------------------------------
[debug] 
[debug] [2025-07-06T14:30:47.731Z] >>> [apiv2][query] GET https://firebase-public.firebaseio.com/cli.json [none]
[debug] [2025-07-06T14:30:47.802Z] > command requires scopes: ["email","openid","https://www.googleapis.com/auth/cloudplatformprojects.readonly","https://www.googleapis.com/auth/firebase","https://www.googleapis.com/auth/cloud-platform"]
[debug] [2025-07-06T14:30:47.803Z] > authorizing via signed-in user (htoomyateain92@gmail.com)
[info] 
     ######## #### ########  ######## ########     ###     ######  ########
     ##        ##  ##     ## ##       ##     ##  ##   ##  ##       ##
     ######    ##  ########  ######   ########  #########  ######  ######
     ##        ##  ##    ##  ##       ##     ## ##     ##       ## ##
     ##       #### ##     ## ######## ########  ##     ##  ######  ########

You're about to initialize a Firebase project in this directory:

  C:\Users\Htoo Myat Eain\Desktop\lastsheetapp\build\web

[debug] [2025-07-06T14:31:09.907Z] *** [apiv2] error from fetch(https://firebase-public.firebaseio.com/cli.json, {"headers":{},"method":"GET"}): FetchError: request to https://firebase-public.firebaseio.com/cli.json failed, reason: 
[warn] !  Unable to fetch the CLI MOTD and remote config. This is not a fatal error, but may indicate an issue with your network connection. 
[debug] [2025-07-06T14:31:09.914Z] Failed to fetch MOTD FirebaseError: Failed to make request to https://firebase-public.firebaseio.com/cli.json
